<?xml version="1.0" encoding="UTF-8"?>
<testsuite xmlns:xsi="http://www.w3.org/2001/XMLSchema-instance" xsi:noNamespaceSchemaLocation="https://maven.apache.org/surefire/maven-surefire-plugin/xsd/surefire-test-report-3.0.xsd" version="3.0" name="TestSuite" time="32.07" tests="1" errors="0" skipped="0" failures="0">
  <properties>
    <property name="gopherProxySet" value="false"/>
    <property name="awt.toolkit" value="sun.lwawt.macosx.LWCToolkit"/>
    <property name="java.specification.version" value="11"/>
    <property name="webdriver.chrome.driver" value="/Users/Hovhannes_Grigoryan/.cache/selenium/chromedriver/mac64/104.0.5112.79/chromedriver"/>
    <property name="sun.cpu.isalist" value=""/>
    <property name="sun.jnu.encoding" value="UTF-8"/>
    <property name="java.class.path" value="/Users/Hovhannes_Grigoryan/Downloads/New folder/automation_framwork/target/test-classes:/Users/Hovhannes_Grigoryan/Downloads/New folder/automation_framwork/target/classes:/Users/Hovhannes_Grigoryan/.m2/repository/log4j/log4j/1.2.17/log4j-1.2.17.jar:/Users/Hovhannes_Grigoryan/.m2/repository/org/projectlombok/lombok/1.18.30/lombok-1.18.30.jar:/Users/Hovhannes_Grigoryan/.m2/repository/org/seleniumhq/selenium/selenium-java/3.141.59/selenium-java-3.141.59.jar:/Users/Hovhannes_Grigoryan/.m2/repository/org/seleniumhq/selenium/selenium-api/3.141.59/selenium-api-3.141.59.jar:/Users/Hovhannes_Grigoryan/.m2/repository/org/seleniumhq/selenium/selenium-chrome-driver/3.141.59/selenium-chrome-driver-3.141.59.jar:/Users/Hovhannes_Grigoryan/.m2/repository/org/seleniumhq/selenium/selenium-edge-driver/3.141.59/selenium-edge-driver-3.141.59.jar:/Users/Hovhannes_Grigoryan/.m2/repository/org/seleniumhq/selenium/selenium-firefox-driver/3.141.59/selenium-firefox-driver-3.141.59.jar:/Users/Hovhannes_Grigoryan/.m2/repository/org/seleniumhq/selenium/selenium-ie-driver/3.141.59/selenium-ie-driver-3.141.59.jar:/Users/Hovhannes_Grigoryan/.m2/repository/org/seleniumhq/selenium/selenium-opera-driver/3.141.59/selenium-opera-driver-3.141.59.jar:/Users/Hovhannes_Grigoryan/.m2/repository/org/seleniumhq/selenium/selenium-remote-driver/3.141.59/selenium-remote-driver-3.141.59.jar:/Users/Hovhannes_Grigoryan/.m2/repository/org/seleniumhq/selenium/selenium-safari-driver/3.141.59/selenium-safari-driver-3.141.59.jar:/Users/Hovhannes_Grigoryan/.m2/repository/org/seleniumhq/selenium/selenium-support/3.141.59/selenium-support-3.141.59.jar:/Users/Hovhannes_Grigoryan/.m2/repository/net/bytebuddy/byte-buddy/1.8.15/byte-buddy-1.8.15.jar:/Users/Hovhannes_Grigoryan/.m2/repository/org/apache/commons/commons-exec/1.3/commons-exec-1.3.jar:/Users/Hovhannes_Grigoryan/.m2/repository/com/google/guava/guava/25.0-jre/guava-25.0-jre.jar:/Users/Hovhannes_Grigoryan/.m2/repository/com/google/code/findbugs/jsr305/1.3.9/jsr305-1.3.9.jar:/Users/Hovhannes_Grigoryan/.m2/repository/org/checkerframework/checker-compat-qual/2.0.0/checker-compat-qual-2.0.0.jar:/Users/Hovhannes_Grigoryan/.m2/repository/com/google/errorprone/error_prone_annotations/2.1.3/error_prone_annotations-2.1.3.jar:/Users/Hovhannes_Grigoryan/.m2/repository/com/google/j2objc/j2objc-annotations/1.1/j2objc-annotations-1.1.jar:/Users/Hovhannes_Grigoryan/.m2/repository/org/codehaus/mojo/animal-sniffer-annotations/1.14/animal-sniffer-annotations-1.14.jar:/Users/Hovhannes_Grigoryan/.m2/repository/com/squareup/okhttp3/okhttp/3.11.0/okhttp-3.11.0.jar:/Users/Hovhannes_Grigoryan/.m2/repository/com/squareup/okio/okio/1.14.0/okio-1.14.0.jar:/Users/Hovhannes_Grigoryan/.m2/repository/io/github/bonigarcia/webdrivermanager/4.2.1/webdrivermanager-4.2.1.jar:/Users/Hovhannes_Grigoryan/.m2/repository/org/slf4j/slf4j-api/1.7.30/slf4j-api-1.7.30.jar:/Users/Hovhannes_Grigoryan/.m2/repository/commons-io/commons-io/2.8.0/commons-io-2.8.0.jar:/Users/Hovhannes_Grigoryan/.m2/repository/org/apache/commons/commons-lang3/3.11/commons-lang3-3.11.jar:/Users/Hovhannes_Grigoryan/.m2/repository/org/apache/httpcomponents/client5/httpclient5/5.0.1/httpclient5-5.0.1.jar:/Users/Hovhannes_Grigoryan/.m2/repository/org/apache/httpcomponents/core5/httpcore5/5.0.1/httpcore5-5.0.1.jar:/Users/Hovhannes_Grigoryan/.m2/repository/org/apache/httpcomponents/core5/httpcore5-h2/5.0.1/httpcore5-h2-5.0.1.jar:/Users/Hovhannes_Grigoryan/.m2/repository/commons-codec/commons-codec/1.13/commons-codec-1.13.jar:/Users/Hovhannes_Grigoryan/.m2/repository/org/rauschig/jarchivelib/1.1.0/jarchivelib-1.1.0.jar:/Users/Hovhannes_Grigoryan/.m2/repository/org/apache/commons/commons-compress/1.20/commons-compress-1.20.jar:/Users/Hovhannes_Grigoryan/.m2/repository/org/jsoup/jsoup/1.13.1/jsoup-1.13.1.jar:/Users/Hovhannes_Grigoryan/.m2/repository/com/google/code/gson/gson/2.8.6/gson-2.8.6.jar:/Users/Hovhannes_Grigoryan/.m2/repository/org/json/json/20210307/json-20210307.jar:/Users/Hovhannes_Grigoryan/.m2/repository/org/testng/testng/7.4.0/testng-7.4.0.jar:/Users/Hovhannes_Grigoryan/.m2/repository/com/beust/jcommander/1.78/jcommander-1.78.jar:/Users/Hovhannes_Grigoryan/.m2/repository/org/webjars/jquery/3.5.1/jquery-3.5.1.jar:/Users/Hovhannes_Grigoryan/.m2/repository/io/qameta/allure/allure-testng/2.23.0/allure-testng-2.23.0.jar:/Users/Hovhannes_Grigoryan/.m2/repository/io/qameta/allure/allure-java-commons/2.23.0/allure-java-commons-2.23.0.jar:/Users/Hovhannes_Grigoryan/.m2/repository/io/qameta/allure/allure-model/2.23.0/allure-model-2.23.0.jar:/Users/Hovhannes_Grigoryan/.m2/repository/io/qameta/allure/allure-test-filter/2.23.0/allure-test-filter-2.23.0.jar:"/>
    <property name="java.vm.vendor" value="Eclipse Adoptium"/>
    <property name="sun.arch.data.model" value="64"/>
    <property name="java.vendor.url" value="https://adoptium.net/"/>
    <property name="user.timezone" value="Asia/Yerevan"/>
    <property name="java.vm.specification.version" value="11"/>
    <property name="os.name" value="Mac OS X"/>
    <property name="sun.java.launcher" value="SUN_STANDARD"/>
    <property name="user.country" value="AM"/>
    <property name="sun.boot.library.path" value="/Library/Java/JavaVirtualMachines/temurin-11.jdk/Contents/Home/lib"/>
    <property name="sun.java.command" value="/Users/Hovhannes_Grigoryan/Downloads/New folder/automation_framwork/target/surefire/surefirebooter1779688935732920641.jar /Users/Hovhannes_Grigoryan/Downloads/New folder/automation_framwork/target/surefire 2023-10-14T14-09-01_200-jvmRun1 surefire3079180016983323352tmp surefire_013766529813172093905tmp"/>
    <property name="jdk.debug" value="release"/>
    <property name="surefire.test.class.path" value="/Users/Hovhannes_Grigoryan/Downloads/New folder/automation_framwork/target/test-classes:/Users/Hovhannes_Grigoryan/Downloads/New folder/automation_framwork/target/classes:/Users/Hovhannes_Grigoryan/.m2/repository/log4j/log4j/1.2.17/log4j-1.2.17.jar:/Users/Hovhannes_Grigoryan/.m2/repository/org/projectlombok/lombok/1.18.30/lombok-1.18.30.jar:/Users/Hovhannes_Grigoryan/.m2/repository/org/seleniumhq/selenium/selenium-java/3.141.59/selenium-java-3.141.59.jar:/Users/Hovhannes_Grigoryan/.m2/repository/org/seleniumhq/selenium/selenium-api/3.141.59/selenium-api-3.141.59.jar:/Users/Hovhannes_Grigoryan/.m2/repository/org/seleniumhq/selenium/selenium-chrome-driver/3.141.59/selenium-chrome-driver-3.141.59.jar:/Users/Hovhannes_Grigoryan/.m2/repository/org/seleniumhq/selenium/selenium-edge-driver/3.141.59/selenium-edge-driver-3.141.59.jar:/Users/Hovhannes_Grigoryan/.m2/repository/org/seleniumhq/selenium/selenium-firefox-driver/3.141.59/selenium-firefox-driver-3.141.59.jar:/Users/Hovhannes_Grigoryan/.m2/repository/org/seleniumhq/selenium/selenium-ie-driver/3.141.59/selenium-ie-driver-3.141.59.jar:/Users/Hovhannes_Grigoryan/.m2/repository/org/seleniumhq/selenium/selenium-opera-driver/3.141.59/selenium-opera-driver-3.141.59.jar:/Users/Hovhannes_Grigoryan/.m2/repository/org/seleniumhq/selenium/selenium-remote-driver/3.141.59/selenium-remote-driver-3.141.59.jar:/Users/Hovhannes_Grigoryan/.m2/repository/org/seleniumhq/selenium/selenium-safari-driver/3.141.59/selenium-safari-driver-3.141.59.jar:/Users/Hovhannes_Grigoryan/.m2/repository/org/seleniumhq/selenium/selenium-support/3.141.59/selenium-support-3.141.59.jar:/Users/Hovhannes_Grigoryan/.m2/repository/net/bytebuddy/byte-buddy/1.8.15/byte-buddy-1.8.15.jar:/Users/Hovhannes_Grigoryan/.m2/repository/org/apache/commons/commons-exec/1.3/commons-exec-1.3.jar:/Users/Hovhannes_Grigoryan/.m2/repository/com/google/guava/guava/25.0-jre/guava-25.0-jre.jar:/Users/Hovhannes_Grigoryan/.m2/repository/com/google/code/findbugs/jsr305/1.3.9/jsr305-1.3.9.jar:/Users/Hovhannes_Grigoryan/.m2/repository/org/checkerframework/checker-compat-qual/2.0.0/checker-compat-qual-2.0.0.jar:/Users/Hovhannes_Grigoryan/.m2/repository/com/google/errorprone/error_prone_annotations/2.1.3/error_prone_annotations-2.1.3.jar:/Users/Hovhannes_Grigoryan/.m2/repository/com/google/j2objc/j2objc-annotations/1.1/j2objc-annotations-1.1.jar:/Users/Hovhannes_Grigoryan/.m2/repository/org/codehaus/mojo/animal-sniffer-annotations/1.14/animal-sniffer-annotations-1.14.jar:/Users/Hovhannes_Grigoryan/.m2/repository/com/squareup/okhttp3/okhttp/3.11.0/okhttp-3.11.0.jar:/Users/Hovhannes_Grigoryan/.m2/repository/com/squareup/okio/okio/1.14.0/okio-1.14.0.jar:/Users/Hovhannes_Grigoryan/.m2/repository/io/github/bonigarcia/webdrivermanager/4.2.1/webdrivermanager-4.2.1.jar:/Users/Hovhannes_Grigoryan/.m2/repository/org/slf4j/slf4j-api/1.7.30/slf4j-api-1.7.30.jar:/Users/Hovhannes_Grigoryan/.m2/repository/commons-io/commons-io/2.8.0/commons-io-2.8.0.jar:/Users/Hovhannes_Grigoryan/.m2/repository/org/apache/commons/commons-lang3/3.11/commons-lang3-3.11.jar:/Users/Hovhannes_Grigoryan/.m2/repository/org/apache/httpcomponents/client5/httpclient5/5.0.1/httpclient5-5.0.1.jar:/Users/Hovhannes_Grigoryan/.m2/repository/org/apache/httpcomponents/core5/httpcore5/5.0.1/httpcore5-5.0.1.jar:/Users/Hovhannes_Grigoryan/.m2/repository/org/apache/httpcomponents/core5/httpcore5-h2/5.0.1/httpcore5-h2-5.0.1.jar:/Users/Hovhannes_Grigoryan/.m2/repository/commons-codec/commons-codec/1.13/commons-codec-1.13.jar:/Users/Hovhannes_Grigoryan/.m2/repository/org/rauschig/jarchivelib/1.1.0/jarchivelib-1.1.0.jar:/Users/Hovhannes_Grigoryan/.m2/repository/org/apache/commons/commons-compress/1.20/commons-compress-1.20.jar:/Users/Hovhannes_Grigoryan/.m2/repository/org/jsoup/jsoup/1.13.1/jsoup-1.13.1.jar:/Users/Hovhannes_Grigoryan/.m2/repository/com/google/code/gson/gson/2.8.6/gson-2.8.6.jar:/Users/Hovhannes_Grigoryan/.m2/repository/org/json/json/20210307/json-20210307.jar:/Users/Hovhannes_Grigoryan/.m2/repository/org/testng/testng/7.4.0/testng-7.4.0.jar:/Users/Hovhannes_Grigoryan/.m2/repository/com/beust/jcommander/1.78/jcommander-1.78.jar:/Users/Hovhannes_Grigoryan/.m2/repository/org/webjars/jquery/3.5.1/jquery-3.5.1.jar:/Users/Hovhannes_Grigoryan/.m2/repository/io/qameta/allure/allure-testng/2.23.0/allure-testng-2.23.0.jar:/Users/Hovhannes_Grigoryan/.m2/repository/io/qameta/allure/allure-java-commons/2.23.0/allure-java-commons-2.23.0.jar:/Users/Hovhannes_Grigoryan/.m2/repository/io/qameta/allure/allure-model/2.23.0/allure-model-2.23.0.jar:/Users/Hovhannes_Grigoryan/.m2/repository/io/qameta/allure/allure-test-filter/2.23.0/allure-test-filter-2.23.0.jar:"/>
    <property name="sun.cpu.endian" value="little"/>
    <property name="user.home" value="/Users/Hovhannes_Grigoryan"/>
    <property name="user.language" value="en"/>
    <property name="java.specification.vendor" value="Oracle Corporation"/>
    <property name="java.version.date" value="2022-10-18"/>
    <property name="java.home" value="/Library/Java/JavaVirtualMachines/temurin-11.jdk/Contents/Home"/>
    <property name="file.separator" value="/"/>
    <property name="basedir" value="/Users/Hovhannes_Grigoryan/Downloads/New folder/automation_framwork"/>
    <property name="java.vm.compressedOopsMode" value="Zero based"/>
    <property name="line.separator" value="&#10;"/>
    <property name="java.specification.name" value="Java Platform API Specification"/>
    <property name="java.vm.specification.vendor" value="Oracle Corporation"/>
    <property name="java.awt.graphicsenv" value="sun.awt.CGraphicsEnvironment"/>
    <property name="surefire.real.class.path" value="/Users/Hovhannes_Grigoryan/Downloads/New folder/automation_framwork/target/surefire/surefirebooter1779688935732920641.jar"/>
    <property name="sun.management.compiler" value="HotSpot 64-Bit Tiered Compilers"/>
    <property name="java.runtime.version" value="11.0.17+8"/>
    <property name="user.name" value="Hovhannes_Grigoryan"/>
    <property name="path.separator" value=":"/>
    <property name="xmlFile" value="src/main/resources/suites/SMOKE_SUITE.xml"/>
    <property name="os.version" value="13.5.1"/>
    <property name="java.runtime.name" value="OpenJDK Runtime Environment"/>
    <property name="file.encoding" value="UTF-8"/>
    <property name="browser" value="chrome"/>
    <property name="executionBrowser" value="chrome"/>
    <property name="java.vm.name" value="OpenJDK 64-Bit Server VM"/>
    <property name="java.vendor.version" value="Temurin-11.0.17+8"/>
    <property name="localRepository" value="/Users/Hovhannes_Grigoryan/.m2/repository"/>
    <property name="java.vendor.url.bug" value="https://github.com/adoptium/adoptium-support/issues"/>
    <property name="java.io.tmpdir" value="/var/folders/h0/mzw42w8n6q1f18n27r5d25gc0000gn/T/"/>
    <property name="java.version" value="11.0.17"/>
    <property name="user.dir" value="/Users/Hovhannes_Grigoryan/Downloads/New folder/automation_framwork"/>
    <property name="os.arch" value="x86_64"/>
    <property name="java.vm.specification.name" value="Java Virtual Machine Specification"/>
    <property name="appUrl" value="https://practice.automationtesting.in/"/>
    <property name="java.awt.printerjob" value="sun.lwawt.macosx.CPrinterJob"/>
    <property name="sun.os.patch.level" value="unknown"/>
    <property name="java.library.path" value="/Users/Hovhannes_Grigoryan/Library/Java/Extensions:/Library/Java/Extensions:/Network/Library/Java/Extensions:/System/Library/Java/Extensions:/usr/lib/java:."/>
    <property name="java.vm.info" value="mixed mode"/>
    <property name="java.vendor" value="Eclipse Adoptium"/>
    <property name="java.vm.version" value="11.0.17+8"/>
    <property name="sun.io.unicode.encoding" value="UnicodeBig"/>
    <property name="java.class.version" value="55.0"/>
  </properties>
  <testcase name="testShopPageNavigation2" classname="tests.TestShopPage" time="0.004">
    <system-err><![CDATA[SLF4J: Failed to load class "org.slf4j.impl.StaticLoggerBinder".
SLF4J: Defaulting to no-operation (NOP) logger implementation
SLF4J: See http://www.slf4j.org/codes.html#StaticLoggerBinder for further details.
Starting ChromeDriver 104.0.5112.79 (3cf3e8c8a07d104b9e1260c910efb8f383285dc5-refs/branch-heads/5112@{#1307}) on port 27353
Only local connections are allowed.
Please see https://chromedriver.chromium.org/security-considerations for suggestions on keeping ChromeDriver safe.
[1697278144.177][WARNING]: FromSockAddr failed on netmask
ChromeDriver was started successfully.
Oct 14, 2023 2:09:07 PM org.openqa.selenium.remote.ProtocolHandshake createSession
INFO: Detected dialect: W3C
]]></system-err>
  </testcase>
</testsuite>