<?xml version="1.0" encoding="UTF-8"?>
<!-- Generated by org.testng.reporters.JUnitReportReporter -->
<testsuite hostname="EPAMYERW007F" failures="0" tests="1" name="tests.TestShopPage" time="31.102" errors="0" timestamp="2023-10-14T14:09:34 AMT" skipped="0">
  <testcase classname="tests.TestShopPage" name="testShopPageNavigation2" time="31.102"/>
  <system-out/>
</testsuite> <!-- tests.TestShopPage -->
